2025-10-06 00:19:19,493 - INFO - Processing 27 raw opportunities
2025-10-06 00:19:19,547 - INFO - Updated status for: https://enlargement.ec.europa.eu/funding-technical-assistance/business-opportunities/publication-call-expressions-interest-eueeamoldova-based-businesses-invest-republic-moldova_en
2025-10-06 00:19:19,549 - INFO - Updated status for: https://www.undp.org/ethiopia
2025-10-06 00:19:19,554 - INFO - Updated status for: https://www.afdb.org
2025-10-06 00:19:19,600 - INFO - Updated status for: https://international-partnerships.ec.europa.eu
2025-10-06 00:19:19,639 - INFO - Updated status for: https://international-partnerships.ec.europa.eu/funding-and-technical-assistance_en
2025-10-06 00:19:19,677 - INFO - Updated status for: https://international-partnerships.ec.europa.eu/funding-and-technical-assistance/looking-funding_en
2025-10-06 00:19:19,720 - INFO - Updated status for: https://www.ifc.org
2025-10-06 00:19:19,766 - INFO - Updated status for: https://www.ifc.org/en/what-we-do/products-and-services/how-to-apply-for-financing
2025-10-06 00:19:19,801 - INFO - Updated status for: https://www.ifc.org/ko/what-we-do/products-and-services/how-to-apply-for-financing
2025-10-06 00:19:19,836 - INFO - Updated status for: mailto:?body=IFC offers a wide variety of financial products for private sector projects in developing countries.%0Dhttps://www.ifc.org/en/what-we-do/products-and-services/how-to-apply-for-financing&subject=How to Apply for Financing | International Finance Corporation (IFC)
2025-10-06 00:19:19,904 - INFO - Updated status for: https://www.ifc.org/en/what-we-do/products-and-services/ifc-project-cycle
2025-10-06 00:19:19,908 - INFO - Updated status for: https://www.afdb.org
2025-10-06 00:19:19,966 - INFO - Updated status for: https://www.giz.de
2025-10-06 00:19:20,132 - INFO - Updated status for: https://www.openvc.app
2025-10-06 00:19:20,184 - INFO - Updated status for: https://techfundingnews.com/welsh-startup-laennec-ai-bags-375k-to-turn-smartphones-into-digital-stethoscopes/
2025-10-06 00:19:20,260 - INFO - Updated status for: https://techfundingnews.com/tag/x/
2025-10-06 00:19:20,354 - INFO - Updated status for: https://techfundingnews.com/category/europe/
2025-10-06 00:19:20,488 - INFO - Updated status for: https://techfundingnews.com/category/vc/
2025-10-06 00:19:20,579 - INFO - Updated status for: https://techfundingnews.com/category/asia/
2025-10-06 00:19:20,656 - INFO - Updated status for: https://techfundingnews.com/tag/workertech/
2025-10-06 00:19:20,743 - INFO - Updated status for: https://techfundingnews.com/category/ecommerce/
2025-10-06 00:19:20,829 - INFO - Updated status for: https://techfundingnews.com/tag/funding/
2025-10-06 00:19:20,962 - INFO - Updated status for: https://techfundingnews.com/terms-of-use/
2025-10-06 00:19:21,008 - INFO - Updated status for: https://enlargement.ec.europa.eu/funding-technical-assistance/business-opportunities/publication-call-expressions-interest-eueeamoldova-based-businesses-invest-republic-moldova_en
2025-10-06 00:19:21,040 - INFO - Updated status for: https://enlargement.ec.europa.eu/funding-technical-assistance/business-opportunities_en
2025-10-06 00:19:21,086 - INFO - Updated status for: https://enlargement.ec.europa.eu/funding-technical-assistance/business-opportunities/publication-call-expressions-interest-eueeamoldova-based-businesses-invest-republic-moldova_lv
2025-10-06 00:19:21,112 - INFO - Updated status for: https://enlargement.ec.europa.eu/funding-technical-assistance/neighbourhood-development-and-international-cooperation-instrument-global-europe-ndici-global-europe_en
2025-10-06 00:36:38,090 - INFO - Processing 0 raw opportunities
2025-10-06 00:36:38,090 - INFO - Processing Raw Opportunities complete.
